[ 2015-07-02T06:45:18+08:00 ] ::1 /web/myWeb/index.php/home/index/register
INFO: [ app_init ] --START--
INFO: Run Behavior\BuildLiteBehavior [ RunTime:0.000030s ]
INFO: [ app_init ] --END-- [ RunTime:0.039998s ]

[ 2015-07-02T06:49:02+08:00 ] ::1 /web/myWeb/index.php/home/index/register
INFO: [ app_init ] --START--
INFO: Run Behavior\BuildLiteBehavior [ RunTime:0.000025s ]
INFO: [ app_init ] --END-- [ RunTime:0.000562s ]

[ 2015-07-02T06:49:04+08:00 ] ::1 /web/myWeb/index.php/home/index/register
INFO: [ app_init ] --START--
INFO: Run Behavior\BuildLiteBehavior [ RunTime:0.000029s ]
INFO: [ app_init ] --END-- [ RunTime:0.000638s ]

[ 2015-07-02T06:49:11+08:00 ] ::1 /web/myWeb/index.php/home/index/register
INFO: [ app_init ] --START--
INFO: Run Behavior\BuildLiteBehavior [ RunTime:0.000029s ]
INFO: [ app_init ] --END-- [ RunTime:0.000779s ]

[ 2015-07-02T06:50:33+08:00 ] ::1 /web/myWeb/index.php/home/index/register
INFO: [ app_init ] --START--
INFO: Run Behavior\BuildLiteBehavior [ RunTime:0.000068s ]
INFO: [ app_init ] --END-- [ RunTime:0.001166s ]

[ 2015-07-02T06:50:38+08:00 ] ::1 /web/myWeb/index.php/home/index/register
INFO: [ app_init ] --START--
INFO: Run Behavior\BuildLiteBehavior [ RunTime:0.000036s ]
INFO: [ app_init ] --END-- [ RunTime:0.000786s ]

[ 2015-07-02T06:50:46+08:00 ] ::1 /web/myWeb/index.php/home/index/register
INFO: [ app_init ] --START--
INFO: Run Behavior\BuildLiteBehavior [ RunTime:0.000078s ]
INFO: [ app_init ] --END-- [ RunTime:0.001252s ]

[ 2015-07-02T07:05:12+08:00 ] ::1 /web/myWeb/index.php/home/index/register
INFO: [ app_init ] --START--
INFO: Run Behavior\BuildLiteBehavior [ RunTime:0.000057s ]
INFO: [ app_init ] --END-- [ RunTime:0.001673s ]
ERR: Think\Controller:sucess方法不存在！

[ 2015-07-02T07:05:55+08:00 ] ::1 /web/myWeb/index.php/home/index/register
INFO: [ app_init ] --START--
INFO: Run Behavior\BuildLiteBehavior [ RunTime:0.000032s ]
INFO: [ app_init ] --END-- [ RunTime:0.000731s ]

[ 2015-07-02T07:06:10+08:00 ] ::1 /web/myWeb/index.php/home/index/register
INFO: [ app_init ] --START--
INFO: Run Behavior\BuildLiteBehavior [ RunTime:0.000027s ]
INFO: [ app_init ] --END-- [ RunTime:0.000763s ]

[ 2015-07-02T07:06:42+08:00 ] ::1 /web/myWeb/index.php/home/index/register
INFO: [ app_init ] --START--
INFO: Run Behavior\BuildLiteBehavior [ RunTime:0.000059s ]
INFO: [ app_init ] --END-- [ RunTime:0.001392s ]
ERR: Unable to load template file 'w\web\myWeb\ThinkPHP/Tpl/dispatch_jump.tpl'

[ 2015-07-02T07:17:43+08:00 ] ::1 /web/myWeb/index.php/home/index/register
INFO: [ app_init ] --START--
INFO: Run Behavior\BuildLiteBehavior [ RunTime:0.000028s ]
INFO: [ app_init ] --END-- [ RunTime:0.000824s ]

[ 2015-07-02T07:17:51+08:00 ] ::1 /web/myWeb/index.php/home/index/register
INFO: [ app_init ] --START--
INFO: Run Behavior\BuildLiteBehavior [ RunTime:0.000064s ]
INFO: [ app_init ] --END-- [ RunTime:0.001890s ]

[ 2015-07-02T07:19:17+08:00 ] ::1 /web/myWeb/index.php/home/index/register
INFO: [ app_init ] --START--
INFO: Run Behavior\BuildLiteBehavior [ RunTime:0.000029s ]
INFO: [ app_init ] --END-- [ RunTime:0.000535s ]

[ 2015-07-02T07:19:28+08:00 ] ::1 /web/myWeb/index.php/home/index/register
INFO: [ app_init ] --START--
INFO: Run Behavior\BuildLiteBehavior [ RunTime:0.000025s ]
INFO: [ app_init ] --END-- [ RunTime:0.000540s ]

[ 2015-07-02T07:20:38+08:00 ] ::1 /web/myWeb/index.php/home/index/register
INFO: [ app_init ] --START--
INFO: Run Behavior\BuildLiteBehavior [ RunTime:0.000029s ]
INFO: [ app_init ] --END-- [ RunTime:0.000637s ]

[ 2015-07-02T07:21:36+08:00 ] ::1 /web/myWeb/index.php/home/index/register
INFO: [ app_init ] --START--
INFO: Run Behavior\BuildLiteBehavior [ RunTime:0.000030s ]
INFO: [ app_init ] --END-- [ RunTime:0.000829s ]

[ 2015-07-02T07:21:40+08:00 ] ::1 /web/myWeb/index.php/home/index/%3C?php%20echo($jumpUrl);%20?%3E
INFO: [ app_init ] --START--
INFO: Run Behavior\BuildLiteBehavior [ RunTime:0.000027s ]
INFO: [ app_init ] --END-- [ RunTime:0.000546s ]
ERR: 非法操作:

[ 2015-07-02T07:22:55+08:00 ] ::1 /web/myWeb/index.php/home/index/register
INFO: [ app_init ] --START--
INFO: Run Behavior\BuildLiteBehavior [ RunTime:0.000030s ]
INFO: [ app_init ] --END-- [ RunTime:0.000672s ]

[ 2015-07-02T07:23:01+08:00 ] ::1 /web/myWeb/index.php/home/index/register
INFO: [ app_init ] --START--
INFO: Run Behavior\BuildLiteBehavior [ RunTime:0.000044s ]
INFO: [ app_init ] --END-- [ RunTime:0.000859s ]

[ 2015-07-02T07:23:04+08:00 ] ::1 /web/myWeb/index.php?s=/Home/Index/index.html
INFO: [ app_init ] --START--
INFO: Run Behavior\BuildLiteBehavior [ RunTime:0.000025s ]
INFO: [ app_init ] --END-- [ RunTime:0.000499s ]

[ 2015-07-02T07:26:02+08:00 ] ::1 /web/myWeb/index.php/home/index/register
INFO: [ app_init ] --START--
INFO: Run Behavior\BuildLiteBehavior [ RunTime:0.000028s ]
INFO: [ app_init ] --END-- [ RunTime:0.000633s ]

[ 2015-07-02T07:26:36+08:00 ] ::1 /web/myWeb/index.php/home/index/register
INFO: [ app_init ] --START--
INFO: Run Behavior\BuildLiteBehavior [ RunTime:0.000025s ]
INFO: [ app_init ] --END-- [ RunTime:0.000505s ]

[ 2015-07-02T07:26:39+08:00 ] ::1 /web/myWeb/index.php?s=/Home/Index/index.html
INFO: [ app_init ] --START--
INFO: Run Behavior\BuildLiteBehavior [ RunTime:0.000037s ]
INFO: [ app_init ] --END-- [ RunTime:0.000887s ]

[ 2015-07-02T07:29:51+08:00 ] ::1 /web/myWeb/index.php/home/index/register
INFO: [ app_init ] --START--
INFO: Run Behavior\BuildLiteBehavior [ RunTime:0.000025s ]
INFO: [ app_init ] --END-- [ RunTime:0.000710s ]

[ 2015-07-02T07:29:54+08:00 ] ::1 /web/myWeb/index.php/home/index/register
INFO: [ app_init ] --START--
INFO: Run Behavior\BuildLiteBehavior [ RunTime:0.000027s ]
INFO: [ app_init ] --END-- [ RunTime:0.000603s ]

[ 2015-07-02T07:30:01+08:00 ] ::1 /web/myWeb/index.php/home/index/register
INFO: [ app_init ] --START--
INFO: Run Behavior\BuildLiteBehavior [ RunTime:0.000026s ]
INFO: [ app_init ] --END-- [ RunTime:0.000535s ]

[ 2015-07-02T07:31:40+08:00 ] ::1 /web/myWeb/index.php/home/index/register
INFO: [ app_init ] --START--
INFO: Run Behavior\BuildLiteBehavior [ RunTime:0.000035s ]
INFO: [ app_init ] --END-- [ RunTime:0.000611s ]

[ 2015-07-02T07:31:44+08:00 ] ::1 /web/myWeb/index.php?s=/Home/Index/index.html
INFO: [ app_init ] --START--
INFO: Run Behavior\BuildLiteBehavior [ RunTime:0.000038s ]
INFO: [ app_init ] --END-- [ RunTime:0.000960s ]

[ 2015-07-02T07:34:54+08:00 ] ::1 /web/myWeb/index.php/home/index/register
INFO: [ app_init ] --START--
INFO: Run Behavior\BuildLiteBehavior [ RunTime:0.000029s ]
INFO: [ app_init ] --END-- [ RunTime:0.000729s ]

[ 2015-07-02T07:35:21+08:00 ] ::1 /web/myWeb/index.php/home/index/register
INFO: [ app_init ] --START--
INFO: Run Behavior\BuildLiteBehavior [ RunTime:0.000042s ]
INFO: [ app_init ] --END-- [ RunTime:0.000844s ]

[ 2015-07-02T07:35:24+08:00 ] ::1 /web/myWeb/index.php?s=/Home/Index/index.html
INFO: [ app_init ] --START--
INFO: Run Behavior\BuildLiteBehavior [ RunTime:0.000033s ]
INFO: [ app_init ] --END-- [ RunTime:0.000585s ]

[ 2015-07-02T07:37:29+08:00 ] ::1 /web/myWeb/index.php?s=/Home/Index/index.html
INFO: [ app_init ] --START--
INFO: Run Behavior\BuildLiteBehavior [ RunTime:0.000027s ]
INFO: [ app_init ] --END-- [ RunTime:0.000648s ]

[ 2015-07-02T07:37:31+08:00 ] ::1 /web/myWeb/index.php?s=/Home/Index/index.html
INFO: [ app_init ] --START--
INFO: Run Behavior\BuildLiteBehavior [ RunTime:0.000072s ]
INFO: [ app_init ] --END-- [ RunTime:0.001761s ]

[ 2015-07-02T07:37:33+08:00 ] ::1 /web/myWeb/index.php/home/index/register
INFO: [ app_init ] --START--
INFO: Run Behavior\BuildLiteBehavior [ RunTime:0.000028s ]
INFO: [ app_init ] --END-- [ RunTime:0.000624s ]

[ 2015-07-02T07:38:08+08:00 ] ::1 /web/myWeb/index.php/home/index/register
INFO: [ app_init ] --START--
INFO: Run Behavior\BuildLiteBehavior [ RunTime:0.000024s ]
INFO: [ app_init ] --END-- [ RunTime:0.000485s ]

[ 2015-07-02T07:38:11+08:00 ] ::1 /web/myWeb/index.php?s=/Home/Index/index.html
INFO: [ app_init ] --START--
INFO: Run Behavior\BuildLiteBehavior [ RunTime:0.000025s ]
INFO: [ app_init ] --END-- [ RunTime:0.000509s ]

[ 2015-07-02T07:41:23+08:00 ] ::1 /web/myWeb/index.php?s=/Home/Index/index.html
INFO: [ app_init ] --START--
INFO: Run Behavior\BuildLiteBehavior [ RunTime:0.000026s ]
INFO: [ app_init ] --END-- [ RunTime:0.000588s ]

[ 2015-07-02T07:41:27+08:00 ] ::1 /web/myWeb/index.php?s=/Home/Index/index.html
INFO: [ app_init ] --START--
INFO: Run Behavior\BuildLiteBehavior [ RunTime:0.000030s ]
INFO: [ app_init ] --END-- [ RunTime:0.000626s ]

[ 2015-07-02T07:41:28+08:00 ] ::1 /web/myWeb/index.php?s=/Home/Index/index.html
INFO: [ app_init ] --START--
INFO: Run Behavior\BuildLiteBehavior [ RunTime:0.000028s ]
INFO: [ app_init ] --END-- [ RunTime:0.000594s ]

[ 2015-07-02T07:41:28+08:00 ] ::1 /web/myWeb/index.php?s=/Home/Index/index.html
INFO: [ app_init ] --START--
INFO: Run Behavior\BuildLiteBehavior [ RunTime:0.000027s ]
INFO: [ app_init ] --END-- [ RunTime:0.000539s ]

[ 2015-07-02T07:41:30+08:00 ] ::1 /web/myWeb/index.php/home/index/register
INFO: [ app_init ] --START--
INFO: Run Behavior\BuildLiteBehavior [ RunTime:0.000036s ]
INFO: [ app_init ] --END-- [ RunTime:0.000699s ]

[ 2015-07-02T07:42:04+08:00 ] ::1 /web/myWeb/index.php/home/index/register
INFO: [ app_init ] --START--
INFO: Run Behavior\BuildLiteBehavior [ RunTime:0.000047s ]
INFO: [ app_init ] --END-- [ RunTime:0.000687s ]

[ 2015-07-02T07:42:07+08:00 ] ::1 /web/myWeb/index.php?s=/Home/Index/index.html
INFO: [ app_init ] --START--
INFO: Run Behavior\BuildLiteBehavior [ RunTime:0.000044s ]
INFO: [ app_init ] --END-- [ RunTime:0.000777s ]

[ 2015-07-02T07:42:18+08:00 ] ::1 /web/myWeb/index.php/home/index/login
INFO: [ app_init ] --START--
INFO: Run Behavior\BuildLiteBehavior [ RunTime:0.000028s ]
INFO: [ app_init ] --END-- [ RunTime:0.000607s ]

[ 2015-07-02T07:42:20+08:00 ] ::1 /web/myWeb/index.php/home/index/register
INFO: [ app_init ] --START--
INFO: Run Behavior\BuildLiteBehavior [ RunTime:0.000028s ]
INFO: [ app_init ] --END-- [ RunTime:0.000625s ]

[ 2015-07-02T07:42:27+08:00 ] ::1 /web/myWeb/index.php/home/index/register
INFO: [ app_init ] --START--
INFO: Run Behavior\BuildLiteBehavior [ RunTime:0.000024s ]
INFO: [ app_init ] --END-- [ RunTime:0.000508s ]

[ 2015-07-02T07:46:28+08:00 ] ::1 /web/myWeb/index.php/home/index/register
INFO: [ app_init ] --START--
INFO: Run Behavior\BuildLiteBehavior [ RunTime:0.000048s ]
INFO: [ app_init ] --END-- [ RunTime:0.000871s ]

[ 2015-07-02T07:46:29+08:00 ] ::1 /web/myWeb/index.php/home/index/register
INFO: [ app_init ] --START--
INFO: Run Behavior\BuildLiteBehavior [ RunTime:0.000027s ]
INFO: [ app_init ] --END-- [ RunTime:0.000581s ]

[ 2015-07-02T07:46:31+08:00 ] ::1 /web/myWeb/index.php/home/index/register
INFO: [ app_init ] --START--
INFO: Run Behavior\BuildLiteBehavior [ RunTime:0.000027s ]
INFO: [ app_init ] --END-- [ RunTime:0.000543s ]

[ 2015-07-02T07:46:32+08:00 ] ::1 /web/myWeb/index.php/home/index/register
INFO: [ app_init ] --START--
INFO: Run Behavior\BuildLiteBehavior [ RunTime:0.000026s ]
INFO: [ app_init ] --END-- [ RunTime:0.000816s ]

[ 2015-07-02T07:46:32+08:00 ] ::1 /web/myWeb/index.php/home/index/register
INFO: [ app_init ] --START--
INFO: Run Behavior\BuildLiteBehavior [ RunTime:0.000026s ]
INFO: [ app_init ] --END-- [ RunTime:0.000497s ]

[ 2015-07-02T07:46:35+08:00 ] ::1 /web/myWeb/index.php/home/index/register
INFO: [ app_init ] --START--
INFO: Run Behavior\BuildLiteBehavior [ RunTime:0.000026s ]
INFO: [ app_init ] --END-- [ RunTime:0.000547s ]

[ 2015-07-02T07:46:36+08:00 ] ::1 /web/myWeb/index.php/home/index/register
INFO: [ app_init ] --START--
INFO: Run Behavior\BuildLiteBehavior [ RunTime:0.000029s ]
INFO: [ app_init ] --END-- [ RunTime:0.000653s ]

[ 2015-07-02T07:46:37+08:00 ] ::1 /web/myWeb/index.php/home/index/register
INFO: [ app_init ] --START--
INFO: Run Behavior\BuildLiteBehavior [ RunTime:0.000027s ]
INFO: [ app_init ] --END-- [ RunTime:0.000587s ]

[ 2015-07-02T07:46:54+08:00 ] ::1 /web/myWeb/index.php/home/index/register
INFO: [ app_init ] --START--
INFO: Run Behavior\BuildLiteBehavior [ RunTime:0.000026s ]
INFO: [ app_init ] --END-- [ RunTime:0.000695s ]

[ 2015-07-02T07:46:56+08:00 ] ::1 /web/myWeb/index.php/home/index/register
INFO: [ app_init ] --START--
INFO: Run Behavior\BuildLiteBehavior [ RunTime:0.000028s ]
INFO: [ app_init ] --END-- [ RunTime:0.000613s ]

[ 2015-07-02T07:47:10+08:00 ] ::1 /web/myWeb/index.php/home/index/register
INFO: [ app_init ] --START--
INFO: Run Behavior\BuildLiteBehavior [ RunTime:0.000044s ]
INFO: [ app_init ] --END-- [ RunTime:0.000940s ]

[ 2015-07-02T07:47:13+08:00 ] ::1 /web/myWeb/index.php?s=/Home/Index/index.html
INFO: [ app_init ] --START--
INFO: Run Behavior\BuildLiteBehavior [ RunTime:0.000045s ]
INFO: [ app_init ] --END-- [ RunTime:0.000756s ]

