[ 2015-06-26T06:51:33+08:00 ] ::1 /myWeb/index.php/home/scrawl/s_list
INFO: [ app_init ] --START--
INFO: Run Behavior\BuildLiteBehavior [ RunTime:0.000101s ]
INFO: [ app_init ] --END-- [ RunTime:0.408447s ]

[ 2015-06-26T07:14:41+08:00 ] ::1 /myWeb/index.php/home/index/register
INFO: [ app_init ] --START--
INFO: Run Behavior\BuildLiteBehavior [ RunTime:0.000029s ]
INFO: [ app_init ] --END-- [ RunTime:0.005642s ]

[ 2015-06-26T07:14:43+08:00 ] ::1 /myWeb/index.php/home/index/register
INFO: [ app_init ] --START--
INFO: Run Behavior\BuildLiteBehavior [ RunTime:0.000029s ]
INFO: [ app_init ] --END-- [ RunTime:0.000601s ]

[ 2015-06-26T07:14:50+08:00 ] ::1 /myWeb/index.php/home/index/register
INFO: [ app_init ] --START--
INFO: Run Behavior\BuildLiteBehavior [ RunTime:0.000045s ]
INFO: [ app_init ] --END-- [ RunTime:0.000639s ]

[ 2015-06-26T07:17:08+08:00 ] ::1 /myWeb/index.php/home/index/register
INFO: [ app_init ] --START--
INFO: Run Behavior\BuildLiteBehavior [ RunTime:0.000036s ]
INFO: [ app_init ] --END-- [ RunTime:0.000771s ]

[ 2015-06-26T07:17:11+08:00 ] ::1 /myWeb/index.php/home/index/register
INFO: [ app_init ] --START--
INFO: Run Behavior\BuildLiteBehavior [ RunTime:0.000028s ]
INFO: [ app_init ] --END-- [ RunTime:0.000574s ]

[ 2015-06-26T07:17:12+08:00 ] ::1 /myWeb/index.php/home/index/register
INFO: [ app_init ] --START--
INFO: Run Behavior\BuildLiteBehavior [ RunTime:0.000033s ]
INFO: [ app_init ] --END-- [ RunTime:0.000551s ]

[ 2015-06-26T07:17:13+08:00 ] ::1 /myWeb/index.php/home/index/register
INFO: [ app_init ] --START--
INFO: Run Behavior\BuildLiteBehavior [ RunTime:0.000031s ]
INFO: [ app_init ] --END-- [ RunTime:0.000956s ]

[ 2015-06-26T07:17:43+08:00 ] ::1 /myWeb/index.php/home/index/register
INFO: [ app_init ] --START--
INFO: Run Behavior\BuildLiteBehavior [ RunTime:0.000030s ]
INFO: [ app_init ] --END-- [ RunTime:0.000598s ]

[ 2015-06-26T07:42:23+08:00 ] ::1 /myWeb/index.php/home/index/register
INFO: [ app_init ] --START--
INFO: Run Behavior\BuildLiteBehavior [ RunTime:0.000038s ]
INFO: [ app_init ] --END-- [ RunTime:0.000697s ]

[ 2015-06-26T07:42:24+08:00 ] ::1 /myWeb/index.php/home/index/register
INFO: [ app_init ] --START--
INFO: Run Behavior\BuildLiteBehavior [ RunTime:0.000029s ]
INFO: [ app_init ] --END-- [ RunTime:0.000581s ]

