[ 2015-07-01T21:28:09+08:00 ] ::1 /web/myWeb/index.php/home/index/register
INFO: [ app_init ] --START--
INFO: Run Behavior\BuildLiteBehavior [ RunTime:0.000030s ]
INFO: [ app_init ] --END-- [ RunTime:0.053024s ]

[ 2015-07-01T21:30:08+08:00 ] ::1 /web/myWeb/index.php/home/index/register
INFO: [ app_init ] --START--
INFO: Run Behavior\BuildLiteBehavior [ RunTime:0.000047s ]
INFO: [ app_init ] --END-- [ RunTime:0.001029s ]

[ 2015-07-01T22:34:02+08:00 ] ::1 /web/myWeb/index.php/home/index/register
INFO: [ app_init ] --START--
INFO: Run Behavior\BuildLiteBehavior [ RunTime:0.000028s ]
INFO: [ app_init ] --END-- [ RunTime:0.071857s ]

[ 2015-07-01T22:34:09+08:00 ] ::1 /web/myWeb/
INFO: [ app_init ] --START--
INFO: Run Behavior\BuildLiteBehavior [ RunTime:0.000030s ]
INFO: [ app_init ] --END-- [ RunTime:0.000725s ]

[ 2015-07-01T22:34:17+08:00 ] ::1 /web/myWeb/index.php/home/subject/s_list
INFO: [ app_init ] --START--
INFO: Run Behavior\BuildLiteBehavior [ RunTime:0.000074s ]
INFO: [ app_init ] --END-- [ RunTime:0.001814s ]

[ 2015-07-01T22:34:19+08:00 ] ::1 /web/myWeb/index.php/home/case/c_list
INFO: [ app_init ] --START--
INFO: Run Behavior\BuildLiteBehavior [ RunTime:0.000054s ]
INFO: [ app_init ] --END-- [ RunTime:0.001479s ]

[ 2015-07-01T22:34:20+08:00 ] ::1 /web/myWeb/index.php/home/about/a_list
INFO: [ app_init ] --START--
INFO: Run Behavior\BuildLiteBehavior [ RunTime:0.000057s ]
INFO: [ app_init ] --END-- [ RunTime:0.001068s ]

[ 2015-07-01T22:34:22+08:00 ] ::1 /web/myWeb/index.php/home/index/index
INFO: [ app_init ] --START--
INFO: Run Behavior\BuildLiteBehavior [ RunTime:0.000028s ]
INFO: [ app_init ] --END-- [ RunTime:0.000599s ]

[ 2015-07-01T22:34:23+08:00 ] ::1 /web/myWeb/index.php/home/index/register
INFO: [ app_init ] --START--
INFO: Run Behavior\BuildLiteBehavior [ RunTime:0.000024s ]
INFO: [ app_init ] --END-- [ RunTime:0.000579s ]

[ 2015-07-01T22:34:27+08:00 ] ::1 /web/myWeb/index.php/home/index/index
INFO: [ app_init ] --START--
INFO: Run Behavior\BuildLiteBehavior [ RunTime:0.000028s ]
INFO: [ app_init ] --END-- [ RunTime:0.000583s ]

[ 2015-07-01T22:35:15+08:00 ] ::1 /web/myWeb/index.php/home/subject/s_list
INFO: [ app_init ] --START--
INFO: Run Behavior\BuildLiteBehavior [ RunTime:0.000028s ]
INFO: [ app_init ] --END-- [ RunTime:0.000640s ]

